1509330075739	geckodriver	INFO	geckodriver 0.19.0
1509330075749	geckodriver	INFO	Listening on 127.0.0.1:59767
1509330077747	mozrunner::runner	INFO	Running command: "C:\\Program Files\\Mozilla Firefox\\firefox.exe" "-marionette" "-profile" "C:\\Users\\ADMINI~1\\AppData\\Local\\Temp\\rust_mozprofile.8W4qflRw5AJo"
1509330078390	addons.xpi	WARN	Error parsing extensions state: [Exception... "Component returned failure code: 0x80520012 (NS_ERROR_FILE_NOT_FOUND) [amIAddonManagerStartup.readStartupData]"  nsresult: "0x80520012 (NS_ERROR_FILE_NOT_FOUND)"  location: "JS frame :: resource://gre/modules/addons/XPIProvider.jsm :: loadExtensionState :: line 1554"  data: no] Stack trace: loadExtensionState()@resource://gre/modules/addons/XPIProvider.jsm:1554 < getInstallState()@resource://gre/modules/addons/XPIProvider.jsm:1589 < checkForChanges()@resource://gre/modules/addons/XPIProvider.jsm:3109 < startup()@resource://gre/modules/addons/XPIProvider.jsm:2188 < callProvider()@resource://gre/modules/AddonManager.jsm:269 < _startProvider()@resource://gre/modules/AddonManager.jsm:739 < startup()@resource://gre/modules/AddonManager.jsm:906 < startup()@resource://gre/modules/AddonManager.jsm:3090 < observe()@jar:file:///C:/Program%20Files/Mozilla%20Firefox/omni.ja!/components/addonManager.js:65
1509330078986	Marionette	INFO	Enabled via --marionette
Unable to read VR Path Registry from C:\Users\Administrator\AppData\Local\openvr\openvrpaths.vrpath
[Parent 131432] WARNING: pipe error: 109: file z:/build/build/src/ipc/chromium/src/chrome/common/ipc_channel_win.cc, line 346
1509330081129	Marionette	INFO	Listening on port 59778
1509330081529	Marionette	WARN	TLS certificate errors will be ignored for this session
1509330081584	Marionette	DEBUG	Register listener.js for window 6442450945
1509330303917	Marionette	DEBUG	Received DOM event "beforeunload" for "about:blank"
1509330304059	Marionette	DEBUG	Received DOM event "pagehide" for "about:blank"
1509330304060	Marionette	DEBUG	Received DOM event "unload" for "about:blank"
1509330304214	Marionette	DEBUG	Received DOM event "DOMContentLoaded" for "http://101.132.75.139/Login.php"
1509330304294	Marionette	DEBUG	Received DOM event "pageshow" for "http://101.132.75.139/Login.php"
1509330345383	Marionette	INFO	New connections will no longer be accepted
Unable to read VR Path Registry from C:\Users\Administrator\AppData\Local\openvr\openvrpaths.vrpath
[Child 150332] WARNING: pipe error: 109: file z:/build/build/src/ipc/chromium/src/chrome/common/ipc_channel_win.cc, line 346
1509330351654	geckodriver	INFO	geckodriver 0.19.0
1509330351663	geckodriver	INFO	Listening on 127.0.0.1:59943
1509330353677	mozrunner::runner	INFO	Running command: "C:\\Program Files\\Mozilla Firefox\\firefox.exe" "-marionette" "-profile" "C:\\Users\\ADMINI~1\\AppData\\Local\\Temp\\rust_mozprofile.Kzm0sPbaOcgz"
1509330354246	addons.xpi	WARN	Error parsing extensions state: [Exception... "Component returned failure code: 0x80520012 (NS_ERROR_FILE_NOT_FOUND) [amIAddonManagerStartup.readStartupData]"  nsresult: "0x80520012 (NS_ERROR_FILE_NOT_FOUND)"  location: "JS frame :: resource://gre/modules/addons/XPIProvider.jsm :: loadExtensionState :: line 1554"  data: no] Stack trace: loadExtensionState()@resource://gre/modules/addons/XPIProvider.jsm:1554 < getInstallState()@resource://gre/modules/addons/XPIProvider.jsm:1589 < checkForChanges()@resource://gre/modules/addons/XPIProvider.jsm:3109 < startup()@resource://gre/modules/addons/XPIProvider.jsm:2188 < callProvider()@resource://gre/modules/AddonManager.jsm:269 < _startProvider()@resource://gre/modules/AddonManager.jsm:739 < startup()@resource://gre/modules/AddonManager.jsm:906 < startup()@resource://gre/modules/AddonManager.jsm:3090 < observe()@jar:file:///C:/Program%20Files/Mozilla%20Firefox/omni.ja!/components/addonManager.js:65
1509330354783	Marionette	INFO	Enabled via --marionette
Unable to read VR Path Registry from C:\Users\Administrator\AppData\Local\openvr\openvrpaths.vrpath
[Child 146876] WARNING: pipe error: 109: file z:/build/build/src/ipc/chromium/src/chrome/common/ipc_channel_win.cc, line 346
[Child 146876] WARNING: pipe error: 109: file z:/build/build/src/ipc/chromium/src/chrome/common/ipc_channel_win.cc, line 346
1509330356678	Marionette	INFO	Listening on port 59949
1509330356917	Marionette	WARN	TLS certificate errors will be ignored for this session
1509330356961	Marionette	DEBUG	Register listener.js for window 4294967297
1509330356995	Marionette	DEBUG	Received DOM event "beforeunload" for "about:blank"
1509330357110	Marionette	DEBUG	Received DOM event "pagehide" for "about:blank"
1509330357110	Marionette	DEBUG	Received DOM event "unload" for "about:blank"
1509330357257	Marionette	DEBUG	Received DOM event "DOMContentLoaded" for "http://101.132.75.139/Login.php"
1509330357485	Marionette	DEBUG	Received DOM event "pageshow" for "http://101.132.75.139/Login.php"
Unable to read VR Path Registry from C:\Users\Administrator\AppData\Local\openvr\openvrpaths.vrpath
JavaScript warning: http://101.132.75.139/include/scriptaculous/jquery-1.10.1.min.js?version=6.3.46.14__YX, line 1: Using //@ to indicate sourceMappingURL pragmas is deprecated. Use //# instead
1509331028225	Marionette	DEBUG	Canceled page load listener because no navigation has been detected
1509331043360	Marionette	DEBUG	Canceled page load listener because no navigation has been detected
1509331068841	Marionette	DEBUG	Canceled page load listener because no navigation has been detected
1509331128826	Marionette	DEBUG	Canceled page load listener because no navigation has been detected
1509331131763	Marionette	DEBUG	Received DOM event "beforeunload" for "http://101.132.75.139/index.php?action=index&loginfo=true&module=Home"
1509331132010	Marionette	DEBUG	Received DOM event "pagehide" for "http://101.132.75.139/index.php?action=index&loginfo=true&module=Home"
1509331132011	Marionette	DEBUG	Received DOM event "unload" for "http://101.132.75.139/index.php?action=index&loginfo=true&module=Home"
JavaScript warning: http://101.132.75.139/include/scriptaculous/jquery-1.10.1.min.js?version=6.3.46.14__YX, line 1: Using //@ to indicate sourceMappingURL pragmas is deprecated. Use //# instead
1509331132387	Marionette	DEBUG	Received DOM event "DOMContentLoaded" for "http://101.132.75.139/index.php?module=Accounts&action=EditView"
1509331132435	Marionette	DEBUG	Received DOM event "pageshow" for "http://101.132.75.139/index.php?module=Accounts&action=EditView"
IPDL protocol error: Handler returned error code!

###!!! [Parent][DispatchAsyncMessage] Error: PAPZCTreeManager::Msg_SetTargetAPZC Processing error: message was deserialized, but the handler returned false (indicating failure)

IPDL protocol error: Handler returned error code!

###!!! [Parent][DispatchAsyncMessage] Error: PAPZCTreeManager::Msg_SetTargetAPZC Processing error: message was deserialized, but the handler returned false (indicating failure)

IPDL protocol error: Handler returned error code!

###!!! [Parent][DispatchAsyncMessage] Error: PAPZCTreeManager::Msg_SetTargetAPZC Processing error: message was deserialized, but the handler returned false (indicating failure)

IPDL protocol error: Handler returned error code!

###!!! [Parent][DispatchAsyncMessage] Error: PAPZCTreeManager::Msg_SetTargetAPZC Processing error: message was deserialized, but the handler returned false (indicating failure)

IPDL protocol error: Handler returned error code!

###!!! [Parent][DispatchAsyncMessage] Error: PAPZCTreeManager::Msg_SetTargetAPZC Processing error: message was deserialized, but the handler returned false (indicating failure)

IPDL protocol error: Handler returned error code!

###!!! [Parent][DispatchAsyncMessage] Error: PAPZCTreeManager::Msg_SetTargetAPZC Processing error: message was deserialized, but the handler returned false (indicating failure)

IPDL protocol error: Handler returned error code!

###!!! [Parent][DispatchAsyncMessage] Error: PAPZCTreeManager::Msg_SetTargetAPZC Processing error: message was deserialized, but the handler returned false (indicating failure)

IPDL protocol error: Handler returned error code!

###!!! [Parent][DispatchAsyncMessage] Error: PAPZCTreeManager::Msg_SetTargetAPZC Processing error: message was deserialized, but the handler returned false (indicating failure)

1509331404725	Marionette	DEBUG	Register listener.js for window 8589934593
Unable to read VR Path Registry from C:\Users\Administrator\AppData\Local\openvr\openvrpaths.vrpath
[Child 145176] WARNING: pipe error: 109: file z:/build/build/src/ipc/chromium/src/chrome/common/ipc_channel_win.cc, line 346
[Child 145176] WARNING: pipe error: 109: file z:/build/build/src/ipc/chromium/src/chrome/common/ipc_channel_win.cc, line 346
IPDL protocol error: Handler returned error code!

###!!! [Parent][DispatchAsyncMessage] Error: PAPZCTreeManager::Msg_SetTargetAPZC Processing error: message was deserialized, but the handler returned false (indicating failure)

IPDL protocol error: Handler returned error code!

###!!! [Parent][DispatchAsyncMessage] Error: PAPZCTreeManager::Msg_SetTargetAPZC Processing error: message was deserialized, but the handler returned false (indicating failure)

IPDL protocol error: Handler returned error code!

###!!! [Parent][DispatchAsyncMessage] Error: PAPZCTreeManager::Msg_SetTargetAPZC Processing error: message was deserialized, but the handler returned false (indicating failure)

1509331630712	Marionette	DEBUG	Canceled page load listener because no navigation has been detected
1509331638679	Marionette	DEBUG	Canceled page load listener because no navigation has been detected
1509331915859	Marionette	DEBUG	Canceled page load listener because no navigation has been detected
1509331949392	Marionette	DEBUG	Canceled page load listener because no navigation has been detected
1509331949733	Marionette	DEBUG	Canceled page load listener because no navigation has been detected
1509331950082	Marionette	DEBUG	Canceled page load listener because no navigation has been detected
1509331950472	Marionette	DEBUG	Canceled page load listener because no navigation has been detected
1509331950858	Marionette	DEBUG	Canceled page load listener because no navigation has been detected
1509331951267	Marionette	DEBUG	Canceled page load listener because no navigation has been detected
1509331951648	Marionette	DEBUG	Canceled page load listener because no navigation has been detected
1509331952082	Marionette	DEBUG	Canceled page load listener because no navigation has been detected
1509331952505	Marionette	DEBUG	Canceled page load listener because no navigation has been detected
1509331952928	Marionette	DEBUG	Canceled page load listener because no navigation has been detected
1509331953375	Marionette	DEBUG	Canceled page load listener because no navigation has been detected
1509331953817	Marionette	DEBUG	Canceled page load listener because no navigation has been detected
1509331954292	Marionette	DEBUG	Canceled page load listener because no navigation has been detected
1509331954776	Marionette	DEBUG	Canceled page load listener because no navigation has been detected
1509331955250	Marionette	DEBUG	Canceled page load listener because no navigation has been detected
1509331955739	Marionette	DEBUG	Canceled page load listener because no navigation has been detected
1509331956249	Marionette	DEBUG	Canceled page load listener because no navigation has been detected
1509331956767	Marionette	DEBUG	Canceled page load listener because no navigation has been detected
1509331957309	Marionette	DEBUG	Canceled page load listener because no navigation has been detected
1509331957916	Marionette	DEBUG	Canceled page load listener because no navigation has been detected
1509331958488	Marionette	DEBUG	Canceled page load listener because no navigation has been detected
1509331959059	Marionette	DEBUG	Canceled page load listener because no navigation has been detected
1509331959638	Marionette	DEBUG	Canceled page load listener because no navigation has been detected
1509331960241	Marionette	DEBUG	Canceled page load listener because no navigation has been detected
1509331960867	Marionette	DEBUG	Canceled page load listener because no navigation has been detected
1509331961490	Marionette	DEBUG	Canceled page load listener because no navigation has been detected
1509331999313	Marionette	DEBUG	Canceled page load listener because no navigation has been detected
1509331999597	Marionette	DEBUG	Canceled page load listener because no navigation has been detected
1509331999893	Marionette	DEBUG	Canceled page load listener because no navigation has been detected
1509332000216	Marionette	DEBUG	Canceled page load listener because no navigation has been detected
1509332000553	Marionette	DEBUG	Canceled page load listener because no navigation has been detected
1509332000903	Marionette	DEBUG	Canceled page load listener because no navigation has been detected
1509332001244	Marionette	DEBUG	Canceled page load listener because no navigation has been detected
1509332001592	Marionette	DEBUG	Canceled page load listener because no navigation has been detected
1509332002045	Marionette	DEBUG	Canceled page load listener because no navigation has been detected
1509332002496	Marionette	DEBUG	Canceled page load listener because no navigation has been detected
1509332002899	Marionette	DEBUG	Canceled page load listener because no navigation has been detected
1509332003328	Marionette	DEBUG	Canceled page load listener because no navigation has been detected
1509332003777	Marionette	DEBUG	Canceled page load listener because no navigation has been detected
1509332004231	Marionette	DEBUG	Canceled page load listener because no navigation has been detected
1509332004681	Marionette	DEBUG	Canceled page load listener because no navigation has been detected
1509332005140	Marionette	DEBUG	Canceled page load listener because no navigation has been detected
1509332005604	Marionette	DEBUG	Canceled page load listener because no navigation has been detected
1509332006101	Marionette	DEBUG	Canceled page load listener because no navigation has been detected
1509332006589	Marionette	DEBUG	Canceled page load listener because no navigation has been detected
1509332007105	Marionette	DEBUG	Canceled page load listener because no navigation has been detected
1509332007638	Marionette	DEBUG	Canceled page load listener because no navigation has been detected
1509332008249	Marionette	DEBUG	Canceled page load listener because no navigation has been detected
1509332008795	Marionette	DEBUG	Canceled page load listener because no navigation has been detected
1509332009352	Marionette	DEBUG	Canceled page load listener because no navigation has been detected
1509332009919	Marionette	DEBUG	Canceled page load listener because no navigation has been detected
1509332010522	Marionette	DEBUG	Canceled page load listener because no navigation has been detected
1509332011110	Marionette	DEBUG	Canceled page load listener because no navigation has been detected
1509332011770	Marionette	DEBUG	Canceled page load listener because no navigation has been detected
1509332012375	Marionette	DEBUG	Canceled page load listener because no navigation has been detected
1509332013074	Marionette	DEBUG	Canceled page load listener because no navigation has been detected
1509332013731	Marionette	DEBUG	Canceled page load listener because no navigation has been detected
1509332014386	Marionette	DEBUG	Canceled page load listener because no navigation has been detected
1509332015063	Marionette	DEBUG	Canceled page load listener because no navigation has been detected
1509332015728	Marionette	DEBUG	Canceled page load listener because no navigation has been detected
1509332016450	Marionette	DEBUG	Canceled page load listener because no navigation has been detected
1509332063863	Marionette	DEBUG	Canceled page load listener because no navigation has been detected
1509332064201	Marionette	DEBUG	Canceled page load listener because no navigation has been detected
1509332064535	Marionette	DEBUG	Canceled page load listener because no navigation has been detected
1509332064889	Marionette	DEBUG	Canceled page load listener because no navigation has been detected
1509332065234	Marionette	DEBUG	Canceled page load listener because no navigation has been detected
1509332065602	Marionette	DEBUG	Canceled page load listener because no navigation has been detected
1509332065974	Marionette	DEBUG	Canceled page load listener because no navigation has been detected
1509332066369	Marionette	DEBUG	Canceled page load listener because no navigation has been detected
1509332066770	Marionette	DEBUG	Canceled page load listener because no navigation has been detected
1509332067204	Marionette	DEBUG	Canceled page load listener because no navigation has been detected
1509332067644	Marionette	DEBUG	Canceled page load listener because no navigation has been detected
1509332068100	Marionette	DEBUG	Canceled page load listener because no navigation has been detected
1509332068572	Marionette	DEBUG	Canceled page load listener because no navigation has been detected
1509332069032	Marionette	DEBUG	Canceled page load listener because no navigation has been detected
1509332069528	Marionette	DEBUG	Canceled page load listener because no navigation has been detected
1509332070022	Marionette	DEBUG	Canceled page load listener because no navigation has been detected
1509332070565	Marionette	DEBUG	Canceled page load listener because no navigation has been detected
1509332071081	Marionette	DEBUG	Canceled page load listener because no navigation has been detected
1509332071631	Marionette	DEBUG	Canceled page load listener because no navigation has been detected
1509332072236	Marionette	DEBUG	Canceled page load listener because no navigation has been detected
1509332072796	Marionette	DEBUG	Canceled page load listener because no navigation has been detected
1509332073399	Marionette	DEBUG	Canceled page load listener because no navigation has been detected
1509332074029	Marionette	DEBUG	Canceled page load listener because no navigation has been detected
1509332074633	Marionette	DEBUG	Canceled page load listener because no navigation has been detected
1509332075290	Marionette	DEBUG	Canceled page load listener because no navigation has been detected
1509332076034	Marionette	DEBUG	Canceled page load listener because no navigation has been detected
1509332076698	Marionette	DEBUG	Canceled page load listener because no navigation has been detected
1509332077350	Marionette	DEBUG	Canceled page load listener because no navigation has been detected
1509332078041	Marionette	DEBUG	Canceled page load listener because no navigation has been detected
1509332078781	Marionette	DEBUG	Canceled page load listener because no navigation has been detected
1509332079572	Marionette	DEBUG	Canceled page load listener because no navigation has been detected
1509332080271	Marionette	DEBUG	Canceled page load listener because no navigation has been detected
1509332080997	Marionette	DEBUG	Canceled page load listener because no navigation has been detected
1509332081707	Marionette	DEBUG	Canceled page load listener because no navigation has been detected
1509332082410	Marionette	DEBUG	Canceled page load listener because no navigation has been detected
1509332106934	Marionette	DEBUG	Canceled page load listener because no navigation has been detected
1509332107280	Marionette	DEBUG	Canceled page load listener because no navigation has been detected
1509332107630	Marionette	DEBUG	Canceled page load listener because no navigation has been detected
1509332107985	Marionette	DEBUG	Canceled page load listener because no navigation has been detected
1509332108356	Marionette	DEBUG	Canceled page load listener because no navigation has been detected
1509332108736	Marionette	DEBUG	Canceled page load listener because no navigation has been detected
1509332109142	Marionette	DEBUG	Canceled page load listener because no navigation has been detected
1509332109558	Marionette	DEBUG	Canceled page load listener because no navigation has been detected
1509332109985	Marionette	DEBUG	Canceled page load listener because no navigation has been detected
1509332110435	Marionette	DEBUG	Canceled page load listener because no navigation has been detected
1509332110873	Marionette	DEBUG	Canceled page load listener because no navigation has been detected
1509332111340	Marionette	DEBUG	Canceled page load listener because no navigation has been detected
1509332111802	Marionette	DEBUG	Canceled page load listener because no navigation has been detected
1509332112365	Marionette	DEBUG	Canceled page load listener because no navigation has been detected
1509332112860	Marionette	DEBUG	Canceled page load listener because no navigation has been detected
1509332113363	Marionette	DEBUG	Canceled page load listener because no navigation has been detected
1509332113892	Marionette	DEBUG	Canceled page load listener because no navigation has been detected
1509332114460	Marionette	DEBUG	Canceled page load listener because no navigation has been detected
1509332115016	Marionette	DEBUG	Canceled page load listener because no navigation has been detected
1509332115567	Marionette	DEBUG	Canceled page load listener because no navigation has been detected
1509332116130	Marionette	DEBUG	Canceled page load listener because no navigation has been detected
1509332116714	Marionette	DEBUG	Canceled page load listener because no navigation has been detected
1509332117304	Marionette	DEBUG	Canceled page load listener because no navigation has been detected
1509332117894	Marionette	DEBUG	Canceled page load listener because no navigation has been detected
1509332118499	Marionette	DEBUG	Canceled page load listener because no navigation has been detected
1509332119110	Marionette	DEBUG	Canceled page load listener because no navigation has been detected
1509332119738	Marionette	DEBUG	Canceled page load listener because no navigation has been detected
1509332120391	Marionette	DEBUG	Canceled page load listener because no navigation has been detected
1509332121035	Marionette	DEBUG	Canceled page load listener because no navigation has been detected
1509332121787	Marionette	DEBUG	Canceled page load listener because no navigation has been detected
1509332122467	Marionette	DEBUG	Canceled page load listener because no navigation has been detected
1509332123163	Marionette	DEBUG	Canceled page load listener because no navigation has been detected
1509332123855	Marionette	DEBUG	Canceled page load listener because no navigation has been detected
1509332124586	Marionette	DEBUG	Canceled page load listener because no navigation has been detected
1509332125333	Marionette	DEBUG	Canceled page load listener because no navigation has been detected
1509332151444	Marionette	DEBUG	Canceled page load listener because no navigation has been detected
1509332151797	Marionette	DEBUG	Canceled page load listener because no navigation has been detected
1509332152152	Marionette	DEBUG	Canceled page load listener because no navigation has been detected
1509332152511	Marionette	DEBUG	Canceled page load listener because no navigation has been detected
1509332152901	Marionette	DEBUG	Canceled page load listener because no navigation has been detected
1509332153293	Marionette	DEBUG	Canceled page load listener because no navigation has been detected
1509332153687	Marionette	DEBUG	Canceled page load listener because no navigation has been detected
1509332154095	Marionette	DEBUG	Canceled page load listener because no navigation has been detected
1509332154517	Marionette	DEBUG	Canceled page load listener because no navigation has been detected
1509332154964	Marionette	DEBUG	Canceled page load listener because no navigation has been detected
1509332155415	Marionette	DEBUG	Canceled page load listener because no navigation has been detected
1509332155869	Marionette	DEBUG	Canceled page load listener because no navigation has been detected
1509332156344	Marionette	DEBUG	Canceled page load listener because no navigation has been detected
1509332156830	Marionette	DEBUG	Canceled page load listener because no navigation has been detected
1509332157318	Marionette	DEBUG	Canceled page load listener because no navigation has been detected
1509332157819	Marionette	DEBUG	Canceled page load listener because no navigation has been detected
1509332158342	Marionette	DEBUG	Canceled page load listener because no navigation has been detected
1509332158878	Marionette	DEBUG	Canceled page load listener because no navigation has been detected
1509332159416	Marionette	DEBUG	Canceled page load listener because no navigation has been detected
1509332159985	Marionette	DEBUG	Canceled page load listener because no navigation has been detected
1509332160577	Marionette	DEBUG	Canceled page load listener because no navigation has been detected
1509332161198	Marionette	DEBUG	Canceled page load listener because no navigation has been detected
1509332161780	Marionette	DEBUG	Canceled page load listener because no navigation has been detected
1509332162413	Marionette	DEBUG	Canceled page load listener because no navigation has been detected
1509332163023	Marionette	DEBUG	Canceled page load listener because no navigation has been detected
1509332163683	Marionette	DEBUG	Canceled page load listener because no navigation has been detected
1509332164314	Marionette	DEBUG	Canceled page load listener because no navigation has been detected
1509332164952	Marionette	DEBUG	Canceled page load listener because no navigation has been detected
1509332165633	Marionette	DEBUG	Canceled page load listener because no navigation has been detected
1509332166312	Marionette	DEBUG	Canceled page load listener because no navigation has been detected
1509332166997	Marionette	DEBUG	Canceled page load listener because no navigation has been detected
1509332167683	Marionette	DEBUG	Canceled page load listener because no navigation has been detected
1509332168369	Marionette	DEBUG	Canceled page load listener because no navigation has been detected
1509332169074	Marionette	DEBUG	Canceled page load listener because no navigation has been detected
1509332169792	Marionette	DEBUG	Canceled page load listener because no navigation has been detected
1509332440247	Marionette	DEBUG	Canceled page load listener because no navigation has been detected
1509332440557	Marionette	DEBUG	Canceled page load listener because no navigation has been detected
1509332440917	Marionette	DEBUG	Canceled page load listener because no navigation has been detected
1509332441250	Marionette	DEBUG	Canceled page load listener because no navigation has been detected
1509332441607	Marionette	DEBUG	Canceled page load listener because no navigation has been detected
1509332441959	Marionette	DEBUG	Canceled page load listener because no navigation has been detected
1509332442313	Marionette	DEBUG	Canceled page load listener because no navigation has been detected
1509332442687	Marionette	DEBUG	Canceled page load listener because no navigation has been detected
1509332443136	Marionette	DEBUG	Canceled page load listener because no navigation has been detected
1509332443545	Marionette	DEBUG	Canceled page load listener because no navigation has been detected
1509332443964	Marionette	DEBUG	Canceled page load listener because no navigation has been detected
1509332444379	Marionette	DEBUG	Canceled page load listener because no navigation has been detected
1509332444807	Marionette	DEBUG	Canceled page load listener because no navigation has been detected
1509332445251	Marionette	DEBUG	Canceled page load listener because no navigation has been detected
1509332445706	Marionette	DEBUG	Canceled page load listener because no navigation has been detected
1509332446197	Marionette	DEBUG	Canceled page load listener because no navigation has been detected
1509332446678	Marionette	DEBUG	Canceled page load listener because no navigation has been detected
1509332447190	Marionette	DEBUG	Canceled page load listener because no navigation has been detected
1509332447687	Marionette	DEBUG	Canceled page load listener because no navigation has been detected
1509332448195	Marionette	DEBUG	Canceled page load listener because no navigation has been detected
1509332448759	Marionette	DEBUG	Canceled page load listener because no navigation has been detected
1509332449301	Marionette	DEBUG	Canceled page load listener because no navigation has been detected
1509332449854	Marionette	DEBUG	Canceled page load listener because no navigation has been detected
1509332450461	Marionette	DEBUG	Canceled page load listener because no navigation has been detected
1509332451062	Marionette	DEBUG	Canceled page load listener because no navigation has been detected
1509332451643	Marionette	DEBUG	Canceled page load listener because no navigation has been detected
1509332452231	Marionette	DEBUG	Canceled page load listener because no navigation has been detected
1509332452911	Marionette	DEBUG	Canceled page load listener because no navigation has been detected
1509332453541	Marionette	DEBUG	Canceled page load listener because no navigation has been detected
1509332454188	Marionette	DEBUG	Canceled page load listener because no navigation has been detected
1509332454830	Marionette	DEBUG	Canceled page load listener because no navigation has been detected
1509332455697	Marionette	DEBUG	Canceled page load listener because no navigation has been detected
1509332456395	Marionette	DEBUG	Canceled page load listener because no navigation has been detected
1509332457119	Marionette	DEBUG	Canceled page load listener because no navigation has been detected
1509332457821	Marionette	DEBUG	Canceled page load listener because no navigation has been detected
1509332509003	Marionette	DEBUG	Canceled page load listener because no navigation has been detected
1509332552797	Marionette	DEBUG	Canceled page load listener because no navigation has been detected
1509332553148	Marionette	DEBUG	Canceled page load listener because no navigation has been detected
1509332553538	Marionette	DEBUG	Canceled page load listener because no navigation has been detected
1509332553919	Marionette	DEBUG	Canceled page load listener because no navigation has been detected
1509332554281	Marionette	DEBUG	Canceled page load listener because no navigation has been detected
1509332554694	Marionette	DEBUG	Canceled page load listener because no navigation has been detected
1509332555112	Marionette	DEBUG	Canceled page load listener because no navigation has been detected
1509332555521	Marionette	DEBUG	Canceled page load listener because no navigation has been detected
1509332555954	Marionette	DEBUG	Canceled page load listener because no navigation has been detected
1509332556398	Marionette	DEBUG	Canceled page load listener because no navigation has been detected
1509332556898	Marionette	DEBUG	Canceled page load listener because no navigation has been detected
1509332557360	Marionette	DEBUG	Canceled page load listener because no navigation has been detected
1509332557825	Marionette	DEBUG	Canceled page load listener because no navigation has been detected
1509332558318	Marionette	DEBUG	Canceled page load listener because no navigation has been detected
1509332558814	Marionette	DEBUG	Canceled page load listener because no navigation has been detected
1509332559316	Marionette	DEBUG	Canceled page load listener because no navigation has been detected
1509332559849	Marionette	DEBUG	Canceled page load listener because no navigation has been detected
1509332560393	Marionette	DEBUG	Canceled page load listener because no navigation has been detected
1509332560940	Marionette	DEBUG	Canceled page load listener because no navigation has been detected
1509332561529	Marionette	DEBUG	Canceled page load listener because no navigation has been detected
1509332562108	Marionette	DEBUG	Canceled page load listener because no navigation has been detected
1509332562716	Marionette	DEBUG	Canceled page load listener because no navigation has been detected
1509332563333	Marionette	DEBUG	Canceled page load listener because no navigation has been detected
1509332563932	Marionette	DEBUG	Canceled page load listener because no navigation has been detected
1509332564554	Marionette	DEBUG	Canceled page load listener because no navigation has been detected
1509332565202	Marionette	DEBUG	Canceled page load listener because no navigation has been detected
1509332565837	Marionette	DEBUG	Canceled page load listener because no navigation has been detected
1509332566500	Marionette	DEBUG	Canceled page load listener because no navigation has been detected
1509332567179	Marionette	DEBUG	Canceled page load listener because no navigation has been detected
1509332567835	Marionette	DEBUG	Canceled page load listener because no navigation has been detected
1509332568522	Marionette	DEBUG	Canceled page load listener because no navigation has been detected
1509332569218	Marionette	DEBUG	Canceled page load listener because no navigation has been detected
1509332569953	Marionette	DEBUG	Canceled page load listener because no navigation has been detected
1509332570652	Marionette	DEBUG	Canceled page load listener because no navigation has been detected
1509332776108	Marionette	DEBUG	Received DOM event "beforeunload" for "http://101.132.75.139/index.php?module=Accounts&action=EditView"
1509332776300	Marionette	DEBUG	Received DOM event "pagehide" for "http://101.132.75.139/index.php?module=Accounts&action=EditView"
1509332776301	Marionette	DEBUG	Received DOM event "unload" for "http://101.132.75.139/index.php?module=Accounts&action=EditView"
1509332776480	Marionette	DEBUG	Received DOM event "DOMContentLoaded" for "http://101.132.75.139/Login.php"
1509332776497	Marionette	DEBUG	Received DOM event "pageshow" for "http://101.132.75.139/Login.php"
JavaScript warning: http://101.132.75.139/include/scriptaculous/jquery-1.10.1.min.js?version=6.3.46.14__YX, line 1: Using //@ to indicate sourceMappingURL pragmas is deprecated. Use //# instead
1509332786374	Marionette	DEBUG	Canceled page load listener because no navigation has been detected
1509332801006	Marionette	DEBUG	Canceled page load listener because no navigation has been detected
1509332804388	Marionette	DEBUG	Received DOM event "beforeunload" for "http://101.132.75.139/index.php?action=index&loginfo=true&module=Home"
1509332804609	Marionette	DEBUG	Received DOM event "pagehide" for "http://101.132.75.139/index.php?action=index&loginfo=true&module=Home"
1509332804610	Marionette	DEBUG	Received DOM event "unload" for "http://101.132.75.139/index.php?action=index&loginfo=true&module=Home"
JavaScript warning: http://101.132.75.139/include/scriptaculous/jquery-1.10.1.min.js?version=6.3.46.14__YX, line 1: Using //@ to indicate sourceMappingURL pragmas is deprecated. Use //# instead
1509332805053	Marionette	DEBUG	Received DOM event "DOMContentLoaded" for "http://101.132.75.139/index.php?module=Accounts&action=EditView"
1509332805059	Marionette	DEBUG	Received DOM event "pageshow" for "http://101.132.75.139/index.php?module=Accounts&action=EditView"
1509332879361	Marionette	DEBUG	Canceled page load listener because no navigation has been detected
1509332879768	Marionette	DEBUG	Canceled page load listener because no navigation has been detected
1509332880193	Marionette	DEBUG	Canceled page load listener because no navigation has been detected
1509332880611	Marionette	DEBUG	Canceled page load listener because no navigation has been detected
1509332880957	Marionette	DEBUG	Canceled page load listener because no navigation has been detected
1509332881301	Marionette	DEBUG	Canceled page load listener because no navigation has been detected
1509332881680	Marionette	DEBUG	Canceled page load listener because no navigation has been detected
1509332882043	Marionette	DEBUG	Canceled page load listener because no navigation has been detected
1509332882480	Marionette	DEBUG	Canceled page load listener because no navigation has been detected
1509332882888	Marionette	DEBUG	Canceled page load listener because no navigation has been detected
1509332883347	Marionette	DEBUG	Canceled page load listener because no navigation has been detected
1509332883816	Marionette	DEBUG	Canceled page load listener because no navigation has been detected
1509332884253	Marionette	DEBUG	Canceled page load listener because no navigation has been detected
1509332884606	Marionette	DEBUG	Canceled page load listener because no navigation has been detected
1509332885032	Marionette	DEBUG	Canceled page load listener because no navigation has been detected
1509332885374	Marionette	DEBUG	Canceled page load listener because no navigation has been detected
1509332885718	Marionette	DEBUG	Canceled page load listener because no navigation has been detected
1509332886086	Marionette	DEBUG	Canceled page load listener because no navigation has been detected
1509332886498	Marionette	DEBUG	Canceled page load listener because no navigation has been detected
1509332886860	Marionette	DEBUG	Canceled page load listener because no navigation has been detected
1509332887246	Marionette	DEBUG	Canceled page load listener because no navigation has been detected
1509332887658	Marionette	DEBUG	Canceled page load listener because no navigation has been detected
1509332888094	Marionette	DEBUG	Canceled page load listener because no navigation has been detected
1509332888546	Marionette	DEBUG	Canceled page load listener because no navigation has been detected
1509332888907	Marionette	DEBUG	Canceled page load listener because no navigation has been detected
1509332889333	Marionette	DEBUG	Canceled page load listener because no navigation has been detected
1509332889687	Marionette	DEBUG	Canceled page load listener because no navigation has been detected
1509332890059	Marionette	DEBUG	Canceled page load listener because no navigation has been detected
1509332890413	Marionette	DEBUG	Canceled page load listener because no navigation has been detected
1509332890774	Marionette	DEBUG	Canceled page load listener because no navigation has been detected
1509332891156	Marionette	DEBUG	Canceled page load listener because no navigation has been detected
1509332891563	Marionette	DEBUG	Canceled page load listener because no navigation has been detected
1509332891991	Marionette	DEBUG	Canceled page load listener because no navigation has been detected
1509332892408	Marionette	DEBUG	Canceled page load listener because no navigation has been detected
1509332892849	Marionette	DEBUG	Canceled page load listener because no navigation has been detected
1509332893316	Marionette	DEBUG	Canceled page load listener because no navigation has been detected
1509332893706	Marionette	DEBUG	Canceled page load listener because no navigation has been detected
1509332894121	Marionette	DEBUG	Canceled page load listener because no navigation has been detected
1509332894486	Marionette	DEBUG	Canceled page load listener because no navigation has been detected
1509332894817	Marionette	DEBUG	Canceled page load listener because no navigation has been detected
1509332895187	Marionette	DEBUG	Canceled page load listener because no navigation has been detected
1509332895552	Marionette	DEBUG	Canceled page load listener because no navigation has been detected
1509332895939	Marionette	DEBUG	Canceled page load listener because no navigation has been detected
1509332896323	Marionette	DEBUG	Canceled page load listener because no navigation has been detected
1509332896750	Marionette	DEBUG	Canceled page load listener because no navigation has been detected
1509332897175	Marionette	DEBUG	Canceled page load listener because no navigation has been detected
1509332897607	Marionette	DEBUG	Canceled page load listener because no navigation has been detected
1509332898070	Marionette	DEBUG	Canceled page load listener because no navigation has been detected
1509332898558	Marionette	DEBUG	Canceled page load listener because no navigation has been detected
1509332899016	Marionette	DEBUG	Canceled page load listener because no navigation has been detected
1509332899405	Marionette	DEBUG	Canceled page load listener because no navigation has been detected
1509332899801	Marionette	DEBUG	Canceled page load listener because no navigation has been detected
1509332900132	Marionette	DEBUG	Canceled page load listener because no navigation has been detected
1509332900490	Marionette	DEBUG	Canceled page load listener because no navigation has been detected
1509332900837	Marionette	DEBUG	Canceled page load listener because no navigation has been detected
1509332901229	Marionette	DEBUG	Canceled page load listener because no navigation has been detected
1509332901671	Marionette	DEBUG	Canceled page load listener because no navigation has been detected
1509332902129	Marionette	DEBUG	Canceled page load listener because no navigation has been detected
1509332902535	Marionette	DEBUG	Canceled page load listener because no navigation has been detected
1509332902953	Marionette	DEBUG	Canceled page load listener because no navigation has been detected
1509332903421	Marionette	DEBUG	Canceled page load listener because no navigation has been detected
1509332903763	Marionette	DEBUG	Canceled page load listener because no navigation has been detected
1509332904120	Marionette	DEBUG	Canceled page load listener because no navigation has been detected
1509332904517	Marionette	DEBUG	Canceled page load listener because no navigation has been detected
1509332904955	Marionette	DEBUG	Canceled page load listener because no navigation has been detected
1509332905383	Marionette	DEBUG	Canceled page load listener because no navigation has been detected
1509332905772	Marionette	DEBUG	Canceled page load listener because no navigation has been detected
1509332906264	Marionette	DEBUG	Canceled page load listener because no navigation has been detected
1509332906701	Marionette	DEBUG	Canceled page load listener because no navigation has been detected
1509332907176	Marionette	DEBUG	Canceled page load listener because no navigation has been detected
1509332907644	Marionette	DEBUG	Canceled page load listener because no navigation has been detected
1509332908219	Marionette	DEBUG	Canceled page load listener because no navigation has been detected
1509332908648	Marionette	DEBUG	Canceled page load listener because no navigation has been detected
1509332909160	Marionette	DEBUG	Canceled page load listener because no navigation has been detected
1509332909569	Marionette	DEBUG	Canceled page load listener because no navigation has been detected
1509332909922	Marionette	DEBUG	Canceled page load listener because no navigation has been detected
1509332910262	Marionette	DEBUG	Canceled page load listener because no navigation has been detected
1509332910617	Marionette	DEBUG	Canceled page load listener because no navigation has been detected
1509332911001	Marionette	DEBUG	Canceled page load listener because no navigation has been detected
1509332911412	Marionette	DEBUG	Canceled page load listener because no navigation has been detected
1509332911874	Marionette	DEBUG	Canceled page load listener because no navigation has been detected
1509332912306	Marionette	DEBUG	Canceled page load listener because no navigation has been detected
1509332912730	Marionette	DEBUG	Canceled page load listener because no navigation has been detected
1509332913198	Marionette	DEBUG	Canceled page load listener because no navigation has been detected
1509332913660	Marionette	DEBUG	Canceled page load listener because no navigation has been detected
1509332914139	Marionette	DEBUG	Canceled page load listener because no navigation has been detected
1509332914586	Marionette	DEBUG	Canceled page load listener because no navigation has been detected
1509332915007	Marionette	DEBUG	Canceled page load listener because no navigation has been detected
1509332915347	Marionette	DEBUG	Canceled page load listener because no navigation has been detected
1509332915707	Marionette	DEBUG	Canceled page load listener because no navigation has been detected
1509332916078	Marionette	DEBUG	Canceled page load listener because no navigation has been detected
1509332916470	Marionette	DEBUG	Canceled page load listener because no navigation has been detected
1509332916860	Marionette	DEBUG	Canceled page load listener because no navigation has been detected
1509332917272	Marionette	DEBUG	Canceled page load listener because no navigation has been detected
1509332917671	Marionette	DEBUG	Canceled page load listener because no navigation has been detected
1509332918086	Marionette	DEBUG	Canceled page load listener because no navigation has been detected
1509332918558	Marionette	DEBUG	Canceled page load listener because no navigation has been detected
1509332919035	Marionette	DEBUG	Canceled page load listener because no navigation has been detected
1509332919470	Marionette	DEBUG	Canceled page load listener because no navigation has been detected
1509332919813	Marionette	DEBUG	Canceled page load listener because no navigation has been detected
1509332920161	Marionette	DEBUG	Canceled page load listener because no navigation has been detected
1509332920540	Marionette	DEBUG	Canceled page load listener because no navigation has been detected
1509332920920	Marionette	DEBUG	Canceled page load listener because no navigation has been detected
1509332921296	Marionette	DEBUG	Canceled page load listener because no navigation has been detected
1509332921699	Marionette	DEBUG	Canceled page load listener because no navigation has been detected
1509332922151	Marionette	DEBUG	Canceled page load listener because no navigation has been detected
1509332922592	Marionette	DEBUG	Canceled page load listener because no navigation has been detected
1509332923071	Marionette	DEBUG	Canceled page load listener because no navigation has been detected
1509332923529	Marionette	DEBUG	Canceled page load listener because no navigation has been detected
1509332924011	Marionette	DEBUG	Canceled page load listener because no navigation has been detected
1509332924479	Marionette	DEBUG	Canceled page load listener because no navigation has been detected
1509332924975	Marionette	DEBUG	Canceled page load listener because no navigation has been detected
1509332925491	Marionette	DEBUG	Canceled page load listener because no navigation has been detected
1509332926066	Marionette	DEBUG	Canceled page load listener because no navigation has been detected
1509332926545	Marionette	DEBUG	Canceled page load listener because no navigation has been detected
1509332927000	Marionette	DEBUG	Canceled page load listener because no navigation has been detected
1509332927339	Marionette	DEBUG	Canceled page load listener because no navigation has been detected
1509332927686	Marionette	DEBUG	Canceled page load listener because no navigation has been detected
1509332928046	Marionette	DEBUG	Canceled page load listener because no navigation has been detected
1509332928404	Marionette	DEBUG	Canceled page load listener because no navigation has been detected
1509332928833	Marionette	DEBUG	Canceled page load listener because no navigation has been detected
1509332929223	Marionette	DEBUG	Canceled page load listener because no navigation has been detected
1509332929667	Marionette	DEBUG	Canceled page load listener because no navigation has been detected
1509332930158	Marionette	DEBUG	Canceled page load listener because no navigation has been detected
1509332930554	Marionette	DEBUG	Canceled page load listener because no navigation has been detected
1509332930906	Marionette	DEBUG	Canceled page load listener because no navigation has been detected
1509332931252	Marionette	DEBUG	Canceled page load listener because no navigation has been detected
1509332931621	Marionette	DEBUG	Canceled page load listener because no navigation has been detected
1509332931994	Marionette	DEBUG	Canceled page load listener because no navigation has been detected
1509332932404	Marionette	DEBUG	Canceled page load listener because no navigation has been detected
1509332932844	Marionette	DEBUG	Canceled page load listener because no navigation has been detected
1509332933268	Marionette	DEBUG	Canceled page load listener because no navigation has been detected
1509332933715	Marionette	DEBUG	Canceled page load listener because no navigation has been detected
1509332934160	Marionette	DEBUG	Canceled page load listener because no navigation has been detected
1509332934674	Marionette	DEBUG	Canceled page load listener because no navigation has been detected
1509332935114	Marionette	DEBUG	Canceled page load listener because no navigation has been detected
1509332935444	Marionette	DEBUG	Canceled page load listener because no navigation has been detected
1509332935793	Marionette	DEBUG	Canceled page load listener because no navigation has been detected
1509332936223	Marionette	DEBUG	Canceled page load listener because no navigation has been detected
1509332936598	Marionette	DEBUG	Canceled page load listener because no navigation has been detected
1509332937004	Marionette	DEBUG	Canceled page load listener because no navigation has been detected
1509332937410	Marionette	DEBUG	Canceled page load listener because no navigation has been detected
1509332937818	Marionette	DEBUG	Canceled page load listener because no navigation has been detected
1509332938232	Marionette	DEBUG	Canceled page load listener because no navigation has been detected
1509332938674	Marionette	DEBUG	Canceled page load listener because no navigation has been detected
1509332939170	Marionette	DEBUG	Canceled page load listener because no navigation has been detected
1509332939672	Marionette	DEBUG	Canceled page load listener because no navigation has been detected
1509332940255	Marionette	DEBUG	Canceled page load listener because no navigation has been detected
1509332940755	Marionette	DEBUG	Canceled page load listener because no navigation has been detected
1509332941322	Marionette	DEBUG	Canceled page load listener because no navigation has been detected
1509332941900	Marionette	DEBUG	Canceled page load listener because no navigation has been detected
1509332942512	Marionette	DEBUG	Canceled page load listener because no navigation has been detected
1509332943008	Marionette	DEBUG	Canceled page load listener because no navigation has been detected
1509332943414	Marionette	DEBUG	Canceled page load listener because no navigation has been detected
1509332943783	Marionette	DEBUG	Canceled page load listener because no navigation has been detected
1509332944204	Marionette	DEBUG	Canceled page load listener because no navigation has been detected
1509332944583	Marionette	DEBUG	Canceled page load listener because no navigation has been detected
1509332944988	Marionette	DEBUG	Canceled page load listener because no navigation has been detected
1509332945414	Marionette	DEBUG	Canceled page load listener because no navigation has been detected
1509332945846	Marionette	DEBUG	Canceled page load listener because no navigation has been detected
1509332946326	Marionette	DEBUG	Canceled page load listener because no navigation has been detected
1509332946781	Marionette	DEBUG	Canceled page load listener because no navigation has been detected
1509332947512	Marionette	DEBUG	Canceled page load listener because no navigation has been detected
1509332948078	Marionette	DEBUG	Canceled page load listener because no navigation has been detected
1509332948600	Marionette	DEBUG	Canceled page load listener because no navigation has been detected
1509332949138	Marionette	DEBUG	Canceled page load listener because no navigation has been detected
1509332949643	Marionette	DEBUG	Canceled page load listener because no navigation has been detected
1509332950178	Marionette	DEBUG	Canceled page load listener because no navigation has been detected
1509332950709	Marionette	DEBUG	Canceled page load listener because no navigation has been detected
1509332951242	Marionette	DEBUG	Canceled page load listener because no navigation has been detected
1509332951665	Marionette	DEBUG	Canceled page load listener because no navigation has been detected
1509332952002	Marionette	DEBUG	Canceled page load listener because no navigation has been detected
1509332952350	Marionette	DEBUG	Canceled page load listener because no navigation has been detected
1509332952718	Marionette	DEBUG	Canceled page load listener because no navigation has been detected
1509332953143	Marionette	DEBUG	Canceled page load listener because no navigation has been detected
1509332953542	Marionette	DEBUG	Canceled page load listener because no navigation has been detected
1509332953986	Marionette	DEBUG	Canceled page load listener because no navigation has been detected
1509332954402	Marionette	DEBUG	Canceled page load listener because no navigation has been detected
1509332954842	Marionette	DEBUG	Canceled page load listener because no navigation has been detected
1509332955293	Marionette	DEBUG	Canceled page load listener because no navigation has been detected
1509332955739	Marionette	DEBUG	Canceled page load listener because no navigation has been detected
1509332956188	Marionette	DEBUG	Canceled page load listener because no navigation has been detected
1509332956676	Marionette	DEBUG	Canceled page load listener because no navigation has been detected
1509332957193	Marionette	DEBUG	Canceled page load listener because no navigation has been detected
1509332957713	Marionette	DEBUG	Canceled page load listener because no navigation has been detected
1509332958227	Marionette	DEBUG	Canceled page load listener because no navigation has been detected
1509332958768	Marionette	DEBUG	Canceled page load listener because no navigation has been detected
1509332959209	Marionette	DEBUG	Canceled page load listener because no navigation has been detected
1509332959569	Marionette	DEBUG	Canceled page load listener because no navigation has been detected
1509332959921	Marionette	DEBUG	Canceled page load listener because no navigation has been detected
1509332960284	Marionette	DEBUG	Canceled page load listener because no navigation has been detected
1509332960657	Marionette	DEBUG	Canceled page load listener because no navigation has been detected
1509332961044	Marionette	DEBUG	Canceled page load listener because no navigation has been detected
1509332961456	Marionette	DEBUG	Canceled page load listener because no navigation has been detected
1509332961884	Marionette	DEBUG	Canceled page load listener because no navigation has been detected
1509332962311	Marionette	DEBUG	Canceled page load listener because no navigation has been detected
1509332962745	Marionette	DEBUG	Canceled page load listener because no navigation has been detected
1509332963211	Marionette	DEBUG	Canceled page load listener because no navigation has been detected
1509332963688	Marionette	DEBUG	Canceled page load listener because no navigation has been detected
1509332964178	Marionette	DEBUG	Canceled page load listener because no navigation has been detected
1509332964762	Marionette	DEBUG	Canceled page load listener because no navigation has been detected
1509332965192	Marionette	DEBUG	Canceled page load listener because no navigation has been detected
1509332965568	Marionette	DEBUG	Canceled page load listener because no navigation has been detected
1509332965949	Marionette	DEBUG	Canceled page load listener because no navigation has been detected
1509332966306	Marionette	DEBUG	Canceled page load listener because no navigation has been detected
1509332966710	Marionette	DEBUG	Canceled page load listener because no navigation has been detected
1509332967167	Marionette	DEBUG	Canceled page load listener because no navigation has been detected
1509332967584	Marionette	DEBUG	Canceled page load listener because no navigation has been detected
1509332968008	Marionette	DEBUG	Canceled page load listener because no navigation has been detected
1509332968447	Marionette	DEBUG	Canceled page load listener because no navigation has been detected
1509332968879	Marionette	DEBUG	Canceled page load listener because no navigation has been detected
1509332969344	Marionette	DEBUG	Canceled page load listener because no navigation has been detected
1509332969812	Marionette	DEBUG	Canceled page load listener because no navigation has been detected
1509332970304	Marionette	DEBUG	Canceled page load listener because no navigation has been detected
1509332970804	Marionette	DEBUG	Canceled page load listener because no navigation has been detected
1509332971314	Marionette	DEBUG	Canceled page load listener because no navigation has been detected
1509332971829	Marionette	DEBUG	Canceled page load listener because no navigation has been detected
1509332972390	Marionette	DEBUG	Canceled page load listener because no navigation has been detected
1509332973006	Marionette	DEBUG	Canceled page load listener because no navigation has been detected
1509332973577	Marionette	DEBUG	Canceled page load listener because no navigation has been detected
1509332974165	Marionette	DEBUG	Canceled page load listener because no navigation has been detected
1509332974730	Marionette	DEBUG	Canceled page load listener because no navigation has been detected
1509332975154	Marionette	DEBUG	Canceled page load listener because no navigation has been detected
1509332975496	Marionette	DEBUG	Canceled page load listener because no navigation has been detected
1509332975846	Marionette	DEBUG	Canceled page load listener because no navigation has been detected
1509332976220	Marionette	DEBUG	Canceled page load listener because no navigation has been detected
1509332976609	Marionette	DEBUG	Canceled page load listener because no navigation has been detected
1509332976996	Marionette	DEBUG	Canceled page load listener because no navigation has been detected
1509332977396	Marionette	DEBUG	Canceled page load listener because no navigation has been detected
1509332977820	Marionette	DEBUG	Canceled page load listener because no navigation has been detected
1509332978251	Marionette	DEBUG	Canceled page load listener because no navigation has been detected
1509332978700	Marionette	DEBUG	Canceled page load listener because no navigation has been detected
1509332979149	Marionette	DEBUG	Canceled page load listener because no navigation has been detected
1509332979616	Marionette	DEBUG	Canceled page load listener because no navigation has been detected
1509332980126	Marionette	DEBUG	Canceled page load listener because no navigation has been detected
1509332980635	Marionette	DEBUG	Canceled page load listener because no navigation has been detected
1509332981179	Marionette	DEBUG	Canceled page load listener because no navigation has been detected
1509332981742	Marionette	DEBUG	Canceled page load listener because no navigation has been detected
1509332982320	Marionette	DEBUG	Canceled page load listener because no navigation has been detected
1509332982909	Marionette	DEBUG	Canceled page load listener because no navigation has been detected
1509332983350	Marionette	DEBUG	Canceled page load listener because no navigation has been detected
1509332983690	Marionette	DEBUG	Canceled page load listener because no navigation has been detected
1509332984038	Marionette	DEBUG	Canceled page load listener because no navigation has been detected
1509332984407	Marionette	DEBUG	Canceled page load listener because no navigation has been detected
1509332984774	Marionette	DEBUG	Canceled page load listener because no navigation has been detected
1509332985158	Marionette	DEBUG	Canceled page load listener because no navigation has been detected
1509332985555	Marionette	DEBUG	Canceled page load listener because no navigation has been detected
1509332985974	Marionette	DEBUG	Canceled page load listener because no navigation has been detected
1509332986417	Marionette	DEBUG	Canceled page load listener because no navigation has been detected
1509332986845	Marionette	DEBUG	Canceled page load listener because no navigation has been detected
1509332987289	Marionette	DEBUG	Canceled page load listener because no navigation has been detected
1509332987751	Marionette	DEBUG	Canceled page load listener because no navigation has been detected
1509332988222	Marionette	DEBUG	Canceled page load listener because no navigation has been detected
1509332988813	Marionette	DEBUG	Canceled page load listener because no navigation has been detected
1509332989271	Marionette	DEBUG	Canceled page load listener because no navigation has been detected
1509332989616	Marionette	DEBUG	Canceled page load listener because no navigation has been detected
1509332989973	Marionette	DEBUG	Canceled page load listener because no navigation has been detected
1509332990380	Marionette	DEBUG	Canceled page load listener because no navigation has been detected
1509332990751	Marionette	DEBUG	Canceled page load listener because no navigation has been detected
1509332991152	Marionette	DEBUG	Canceled page load listener because no navigation has been detected
1509332991581	Marionette	DEBUG	Canceled page load listener because no navigation has been detected
1509332992000	Marionette	DEBUG	Canceled page load listener because no navigation has been detected
1509332992458	Marionette	DEBUG	Canceled page load listener because no navigation has been detected
1509332992901	Marionette	DEBUG	Canceled page load listener because no navigation has been detected
1509332993367	Marionette	DEBUG	Canceled page load listener because no navigation has been detected
1509332993856	Marionette	DEBUG	Canceled page load listener because no navigation has been detected
1509332994330	Marionette	DEBUG	Canceled page load listener because no navigation has been detected
1509332994953	Marionette	DEBUG	Canceled page load listener because no navigation has been detected
1509332995359	Marionette	DEBUG	Canceled page load listener because no navigation has been detected
1509332995690	Marionette	DEBUG	Canceled page load listener because no navigation has been detected
1509332996031	Marionette	DEBUG	Canceled page load listener because no navigation has been detected
1509332996468	Marionette	DEBUG	Canceled page load listener because no navigation has been detected
1509332996877	Marionette	DEBUG	Canceled page load listener because no navigation has been detected
1509332997263	Marionette	DEBUG	Canceled page load listener because no navigation has been detected
1509332997666	Marionette	DEBUG	Canceled page load listener because no navigation has been detected
1509332998157	Marionette	DEBUG	Canceled page load listener because no navigation has been detected
1509332998623	Marionette	DEBUG	Canceled page load listener because no navigation has been detected
1509332999253	Marionette	DEBUG	Canceled page load listener because no navigation has been detected
1509332999684	Marionette	DEBUG	Canceled page load listener because no navigation has been detected
1509333000049	Marionette	DEBUG	Canceled page load listener because no navigation has been detected
1509333000414	Marionette	DEBUG	Canceled page load listener because no navigation has been detected
1509333000784	Marionette	DEBUG	Canceled page load listener because no navigation has been detected
1509333001270	Marionette	DEBUG	Canceled page load listener because no navigation has been detected
1509333001690	Marionette	DEBUG	Canceled page load listener because no navigation has been detected
1509333002126	Marionette	DEBUG	Canceled page load listener because no navigation has been detected
1509333002560	Marionette	DEBUG	Canceled page load listener because no navigation has been detected
1509333003006	Marionette	DEBUG	Canceled page load listener because no navigation has been detected
1509333003485	Marionette	DEBUG	Canceled page load listener because no navigation has been detected
1509333003943	Marionette	DEBUG	Canceled page load listener because no navigation has been detected
1509333004425	Marionette	DEBUG	Canceled page load listener because no navigation has been detected
1509333004963	Marionette	DEBUG	Canceled page load listener because no navigation has been detected
1509333005471	Marionette	DEBUG	Canceled page load listener because no navigation has been detected
1509333005989	Marionette	DEBUG	Canceled page load listener because no navigation has been detected
1509333006536	Marionette	DEBUG	Canceled page load listener because no navigation has been detected
1509333007067	Marionette	DEBUG	Canceled page load listener because no navigation has been detected
1509333007805	Marionette	DEBUG	Canceled page load listener because no navigation has been detected
1509333008314	Marionette	DEBUG	Canceled page load listener because no navigation has been detected
1509333008658	Marionette	DEBUG	Canceled page load listener because no navigation has been detected
1509333009011	Marionette	DEBUG	Canceled page load listener because no navigation has been detected
1509333009366	Marionette	DEBUG	Canceled page load listener because no navigation has been detected
1509333009746	Marionette	DEBUG	Canceled page load listener because no navigation has been detected
1509333010255	Marionette	DEBUG	Canceled page load listener because no navigation has been detected
1509333010824	Marionette	DEBUG	Canceled page load listener because no navigation has been detected
1509333011562	Marionette	DEBUG	Canceled page load listener because no navigation has been detected
1509333012023	Marionette	DEBUG	Canceled page load listener because no navigation has been detected
1509333012473	Marionette	DEBUG	Canceled page load listener because no navigation has been detected
1509333012957	Marionette	DEBUG	Canceled page load listener because no navigation has been detected
1509333013328	Marionette	DEBUG	Canceled page load listener because no navigation has been detected
1509333014052	Marionette	DEBUG	Canceled page load listener because no navigation has been detected
1509333015091	Marionette	DEBUG	Canceled page load listener because no navigation has been detected
1509333015561	Marionette	DEBUG	Canceled page load listener because no navigation has been detected
1509333015907	Marionette	DEBUG	Canceled page load listener because no navigation has been detected
1509333016297	Marionette	DEBUG	Canceled page load listener because no navigation has been detected
1509333016687	Marionette	DEBUG	Canceled page load listener because no navigation has been detected
1509333017088	Marionette	DEBUG	Canceled page load listener because no navigation has been detected
1509333017507	Marionette	DEBUG	Canceled page load listener because no navigation has been detected
1509333017948	Marionette	DEBUG	Canceled page load listener because no navigation has been detected
1509333018509	Marionette	DEBUG	Canceled page load listener because no navigation has been detected
1509333019099	Marionette	DEBUG	Canceled page load listener because no navigation has been detected
1509333019630	Marionette	DEBUG	Canceled page load listener because no navigation has been detected
1509333020146	Marionette	DEBUG	Canceled page load listener because no navigation has been detected
1509333020730	Marionette	DEBUG	Canceled page load listener because no navigation has been detected
1509333021269	Marionette	DEBUG	Canceled page load listener because no navigation has been detected
1509333021972	Marionette	DEBUG	Canceled page load listener because no navigation has been detected
1509333022526	Marionette	DEBUG	Canceled page load listener because no navigation has been detected
1509333023081	Marionette	DEBUG	Canceled page load listener because no navigation has been detected
1509333023652	Marionette	DEBUG	Canceled page load listener because no navigation has been detected
1509333024245	Marionette	DEBUG	Canceled page load listener because no navigation has been detected
1509333024845	Marionette	DEBUG	Canceled page load listener because no navigation has been detected
1509333025458	Marionette	DEBUG	Canceled page load listener because no navigation has been detected
1509333026159	Marionette	DEBUG	Canceled page load listener because no navigation has been detected
1509333026597	Marionette	DEBUG	Canceled page load listener because no navigation has been detected
1509333026961	Marionette	DEBUG	Canceled page load listener because no navigation has been detected
1509333027342	Marionette	DEBUG	Canceled page load listener because no navigation has been detected
1509333027710	Marionette	DEBUG	Canceled page load listener because no navigation has been detected
1509333028091	Marionette	DEBUG	Canceled page load listener because no navigation has been detected
1509333028538	Marionette	DEBUG	Canceled page load listener because no navigation has been detected
1509333029074	Marionette	DEBUG	Canceled page load listener because no navigation has been detected
1509333029637	Marionette	DEBUG	Canceled page load listener because no navigation has been detected
1509333030431	Marionette	DEBUG	Canceled page load listener because no navigation has been detected
1509333030931	Marionette	DEBUG	Canceled page load listener because no navigation has been detected
1509333031324	Marionette	DEBUG	Canceled page load listener because no navigation has been detected
1509333031723	Marionette	DEBUG	Canceled page load listener because no navigation has been detected
1509333032129	Marionette	DEBUG	Canceled page load listener because no navigation has been detected
1509333032530	Marionette	DEBUG	Canceled page load listener because no navigation has been detected
1509333032931	Marionette	DEBUG	Canceled page load listener because no navigation has been detected
1509333033336	Marionette	DEBUG	Canceled page load listener because no navigation has been detected
1509333033793	Marionette	DEBUG	Canceled page load listener because no navigation has been detected
1509333034321	Marionette	DEBUG	Canceled page load listener because no navigation has been detected
1509333034823	Marionette	DEBUG	Canceled page load listener because no navigation has been detected
1509333035342	Marionette	DEBUG	Canceled page load listener because no navigation has been detected
1509333036011	Marionette	DEBUG	Canceled page load listener because no navigation has been detected
1509333036603	Marionette	DEBUG	Canceled page load listener because no navigation has been detected
1509333037189	Marionette	DEBUG	Canceled page load listener because no navigation has been detected
1509333037745	Marionette	DEBUG	Canceled page load listener because no navigation has been detected
1509333038507	Marionette	DEBUG	Canceled page load listener because no navigation has been detected
1509333038974	Marionette	DEBUG	Canceled page load listener because no navigation has been detected
1509333039348	Marionette	DEBUG	Canceled page load listener because no navigation has been detected
1509333039705	Marionette	DEBUG	Canceled page load listener because no navigation has been detected
1509333040176	Marionette	DEBUG	Canceled page load listener because no navigation has been detected
1509333040590	Marionette	DEBUG	Canceled page load listener because no navigation has been detected
1509333041042	Marionette	DEBUG	Canceled page load listener because no navigation has been detected
1509333041841	Marionette	DEBUG	Canceled page load listener because no navigation has been detected
1509333042285	Marionette	DEBUG	Canceled page load listener because no navigation has been detected
1509333042725	Marionette	DEBUG	Canceled page load listener because no navigation has been detected
1509333043095	Marionette	DEBUG	Canceled page load listener because no navigation has been detected
1509333043473	Marionette	DEBUG	Canceled page load listener because no navigation has been detected
1509333043853	Marionette	DEBUG	Canceled page load listener because no navigation has been detected
1509333044313	Marionette	DEBUG	Canceled page load listener because no navigation has been detected
1509333045088	Marionette	DEBUG	Canceled page load listener because no navigation has been detected
1509333045952	Marionette	DEBUG	Canceled page load listener because no navigation has been detected
1509333096924	Marionette	DEBUG	Canceled page load listener because no navigation has been detected
1509333164733	Marionette	DEBUG	Canceled page load listener because no navigation has been detected
1509333165180	Marionette	DEBUG	Canceled page load listener because no navigation has been detected
1509333165638	Marionette	DEBUG	Canceled page load listener because no navigation has been detected
1509333166089	Marionette	DEBUG	Canceled page load listener because no navigation has been detected
1509333166464	Marionette	DEBUG	Canceled page load listener because no navigation has been detected
1509333166834	Marionette	DEBUG	Canceled page load listener because no navigation has been detected
1509333167231	Marionette	DEBUG	Canceled page load listener because no navigation has been detected
1509333167637	Marionette	DEBUG	Canceled page load listener because no navigation has been detected
1509333168092	Marionette	DEBUG	Canceled page load listener because no navigation has been detected
1509333168526	Marionette	DEBUG	Canceled page load listener because no navigation has been detected
1509333168973	Marionette	DEBUG	Canceled page load listener because no navigation has been detected
1509333169460	Marionette	DEBUG	Canceled page load listener because no navigation has been detected
1509333169949	Marionette	DEBUG	Canceled page load listener because no navigation has been detected
1509333170338	Marionette	DEBUG	Canceled page load listener because no navigation has been detected
1509333170787	Marionette	DEBUG	Canceled page load listener because no navigation has been detected
1509333171141	Marionette	DEBUG	Canceled page load listener because no navigation has been detected
1509333171511	Marionette	DEBUG	Canceled page load listener because no navigation has been detected
1509333171902	Marionette	DEBUG	Canceled page load listener because no navigation has been detected
1509333172293	Marionette	DEBUG	Canceled page load listener because no navigation has been detected
1509333172719	Marionette	DEBUG	Canceled page load listener because no navigation has been detected
1509333173184	Marionette	DEBUG	Canceled page load listener because no navigation has been detected
1509333173624	Marionette	DEBUG	Canceled page load listener because no navigation has been detected
1509333174075	Marionette	DEBUG	Canceled page load listener because no navigation has been detected
1509333174557	Marionette	DEBUG	Canceled page load listener because no navigation has been detected
1509333174957	Marionette	DEBUG	Canceled page load listener because no navigation has been detected
1509333175439	Marionette	DEBUG	Canceled page load listener because no navigation has been detected
1509333175824	Marionette	DEBUG	Canceled page load listener because no navigation has been detected
1509333176217	Marionette	DEBUG	Canceled page load listener because no navigation has been detected
1509333176601	Marionette	DEBUG	Canceled page load listener because no navigation has been detected
1509333177030	Marionette	DEBUG	Canceled page load listener because no navigation has been detected
1509333177450	Marionette	DEBUG	Canceled page load listener because no navigation has been detected
1509333177876	Marionette	DEBUG	Canceled page load listener because no navigation has been detected
1509333178319	Marionette	DEBUG	Canceled page load listener because no navigation has been detected
1509333178783	Marionette	DEBUG	Canceled page load listener because no navigation has been detected
1509333179259	Marionette	DEBUG	Canceled page load listener because no navigation has been detected
1509333179750	Marionette	DEBUG	Canceled page load listener because no navigation has been detected
1509333180179	Marionette	DEBUG	Canceled page load listener because no navigation has been detected
1509333180626	Marionette	DEBUG	Canceled page load listener because no navigation has been detected
1509333181013	Marionette	DEBUG	Canceled page load listener because no navigation has been detected
1509333181431	Marionette	DEBUG	Canceled page load listener because no navigation has been detected
1509333181836	Marionette	DEBUG	Canceled page load listener because no navigation has been detected
1509333182283	Marionette	DEBUG	Canceled page load listener because no navigation has been detected
1509333182809	Marionette	DEBUG	Canceled page load listener because no navigation has been detected
1509333183326	Marionette	DEBUG	Canceled page load listener because no navigation has been detected
1509333183784	Marionette	DEBUG	Canceled page load listener because no navigation has been detected
1509333184254	Marionette	DEBUG	Canceled page load listener because no navigation has been detected
1509333184739	Marionette	DEBUG	Canceled page load listener because no navigation has been detected
1509333185227	Marionette	DEBUG	Canceled page load listener because no navigation has been detected
1509333185743	Marionette	DEBUG	Canceled page load listener because no navigation has been detected
1509333186292	Marionette	DEBUG	Canceled page load listener because no navigation has been detected
1509333186729	Marionette	DEBUG	Canceled page load listener because no navigation has been detected
1509333254960	Marionette	DEBUG	Canceled page load listener because no navigation has been detected
1509333255281	Marionette	DEBUG	Canceled page load listener because no navigation has been detected
1509333255616	Marionette	DEBUG	Canceled page load listener because no navigation has been detected
1509333255960	Marionette	DEBUG	Canceled page load listener because no navigation has been detected
1509333256338	Marionette	DEBUG	Canceled page load listener because no navigation has been detected
1509333256714	Marionette	DEBUG	Canceled page load listener because no navigation has been detected
1509333257132	Marionette	DEBUG	Canceled page load listener because no navigation has been detected
1509333257541	Marionette	DEBUG	Canceled page load listener because no navigation has been detected
1509333257963	Marionette	DEBUG	Canceled page load listener because no navigation has been detected
1509333258404	Marionette	DEBUG	Canceled page load listener because no navigation has been detected
1509333258842	Marionette	DEBUG	Canceled page load listener because no navigation has been detected
1509333259303	Marionette	DEBUG	Canceled page load listener because no navigation has been detected
1509333259788	Marionette	DEBUG	Canceled page load listener because no navigation has been detected
1509333260290	Marionette	DEBUG	Canceled page load listener because no navigation has been detected
1509333260795	Marionette	DEBUG	Canceled page load listener because no navigation has been detected
1509333261318	Marionette	DEBUG	Canceled page load listener because no navigation has been detected
1509333261842	Marionette	DEBUG	Canceled page load listener because no navigation has been detected
1509333262387	Marionette	DEBUG	Canceled page load listener because no navigation has been detected
1509333262958	Marionette	DEBUG	Canceled page load listener because no navigation has been detected
1509333263553	Marionette	DEBUG	Canceled page load listener because no navigation has been detected
1509333264197	Marionette	DEBUG	Canceled page load listener because no navigation has been detected
1509333264827	Marionette	DEBUG	Canceled page load listener because no navigation has been detected
1509333265449	Marionette	DEBUG	Canceled page load listener because no navigation has been detected
1509333266082	Marionette	DEBUG	Canceled page load listener because no navigation has been detected
1509333266697	Marionette	DEBUG	Canceled page load listener because no navigation has been detected
1509333267361	Marionette	DEBUG	Canceled page load listener because no navigation has been detected
1509333268029	Marionette	DEBUG	Canceled page load listener because no navigation has been detected
1509333268697	Marionette	DEBUG	Canceled page load listener because no navigation has been detected
1509333269380	Marionette	DEBUG	Canceled page load listener because no navigation has been detected
1509333270087	Marionette	DEBUG	Canceled page load listener because no navigation has been detected
1509333270776	Marionette	DEBUG	Canceled page load listener because no navigation has been detected
1509333271512	Marionette	DEBUG	Canceled page load listener because no navigation has been detected
1509333272272	Marionette	DEBUG	Canceled page load listener because no navigation has been detected
1509333273007	Marionette	DEBUG	Canceled page load listener because no navigation has been detected
1509333273782	Marionette	DEBUG	Canceled page load listener because no navigation has been detected
1509333278136	Marionette	DEBUG	Canceled page load listener because no navigation has been detected
1509333278475	Marionette	DEBUG	Canceled page load listener because no navigation has been detected
1509333278815	Marionette	DEBUG	Canceled page load listener because no navigation has been detected
1509333279184	Marionette	DEBUG	Canceled page load listener because no navigation has been detected
1509333279595	Marionette	DEBUG	Canceled page load listener because no navigation has been detected
1509333280022	Marionette	DEBUG	Canceled page load listener because no navigation has been detected
1509333280454	Marionette	DEBUG	Canceled page load listener because no navigation has been detected
1509333280894	Marionette	DEBUG	Canceled page load listener because no navigation has been detected
1509333281367	Marionette	DEBUG	Canceled page load listener because no navigation has been detected
1509333281841	Marionette	DEBUG	Canceled page load listener because no navigation has been detected
1509333282296	Marionette	DEBUG	Canceled page load listener because no navigation has been detected
1509333282777	Marionette	DEBUG	Canceled page load listener because no navigation has been detected
1509333283283	Marionette	DEBUG	Canceled page load listener because no navigation has been detected
1509333283799	Marionette	DEBUG	Canceled page load listener because no navigation has been detected
1509333284317	Marionette	DEBUG	Canceled page load listener because no navigation has been detected
1509333284865	Marionette	DEBUG	Canceled page load listener because no navigation has been detected
1509333285421	Marionette	DEBUG	Canceled page load listener because no navigation has been detected
1509333286015	Marionette	DEBUG	Canceled page load listener because no navigation has been detected
1509333286618	Marionette	DEBUG	Canceled page load listener because no navigation has been detected
1509333287216	Marionette	DEBUG	Canceled page load listener because no navigation has been detected
1509333287840	Marionette	DEBUG	Canceled page load listener because no navigation has been detected
1509333288500	Marionette	DEBUG	Canceled page load listener because no navigation has been detected
1509333289114	Marionette	DEBUG	Canceled page load listener because no navigation has been detected
1509333289758	Marionette	DEBUG	Canceled page load listener because no navigation has been detected
1509333290490	Marionette	DEBUG	Canceled page load listener because no navigation has been detected
1509333291229	Marionette	DEBUG	Canceled page load listener because no navigation has been detected
1509333291915	Marionette	DEBUG	Canceled page load listener because no navigation has been detected
1509333292604	Marionette	DEBUG	Canceled page load listener because no navigation has been detected
1509333293275	Marionette	DEBUG	Canceled page load listener because no navigation has been detected
1509333294243	Marionette	DEBUG	Canceled page load listener because no navigation has been detected
1509333294956	Marionette	DEBUG	Canceled page load listener because no navigation has been detected
1509333295749	Marionette	DEBUG	Canceled page load listener because no navigation has been detected
1509333296499	Marionette	DEBUG	Canceled page load listener because no navigation has been detected
1509333297272	Marionette	DEBUG	Canceled page load listener because no navigation has been detected
1509333298035	Marionette	DEBUG	Canceled page load listener because no navigation has been detected
1509333456552	Marionette	DEBUG	Canceled page load listener because no navigation has been detected
1509333456903	Marionette	DEBUG	Canceled page load listener because no navigation has been detected
1509333457266	Marionette	DEBUG	Canceled page load listener because no navigation has been detected
1509333457661	Marionette	DEBUG	Canceled page load listener because no navigation has been detected
1509333458076	Marionette	DEBUG	Canceled page load listener because no navigation has been detected
1509333458499	Marionette	DEBUG	Canceled page load listener because no navigation has been detected
1509333458932	Marionette	DEBUG	Canceled page load listener because no navigation has been detected
1509333459393	Marionette	DEBUG	Canceled page load listener because no navigation has been detected
1509333459844	Marionette	DEBUG	Canceled page load listener because no navigation has been detected
1509333460342	Marionette	DEBUG	Canceled page load listener because no navigation has been detected
1509333460820	Marionette	DEBUG	Canceled page load listener because no navigation has been detected
1509333461312	Marionette	DEBUG	Canceled page load listener because no navigation has been detected
1509333461844	Marionette	DEBUG	Canceled page load listener because no navigation has been detected
1509333462360	Marionette	DEBUG	Canceled page load listener because no navigation has been detected
1509333462926	Marionette	DEBUG	Canceled page load listener because no navigation has been detected
1509333463492	Marionette	DEBUG	Canceled page load listener because no navigation has been detected
1509333464062	Marionette	DEBUG	Canceled page load listener because no navigation has been detected
1509333464643	Marionette	DEBUG	Canceled page load listener because no navigation has been detected
1509333465235	Marionette	DEBUG	Canceled page load listener because no navigation has been detected
1509333465854	Marionette	DEBUG	Canceled page load listener because no navigation has been detected
1509333466534	Marionette	DEBUG	Canceled page load listener because no navigation has been detected
1509333467230	Marionette	DEBUG	Canceled page load listener because no navigation has been detected
1509333467920	Marionette	DEBUG	Canceled page load listener because no navigation has been detected
1509333468641	Marionette	DEBUG	Canceled page load listener because no navigation has been detected
1509333469287	Marionette	DEBUG	Canceled page load listener because no navigation has been detected
1509333470005	Marionette	DEBUG	Canceled page load listener because no navigation has been detected
1509333470718	Marionette	DEBUG	Canceled page load listener because no navigation has been detected
1509333471425	Marionette	DEBUG	Canceled page load listener because no navigation has been detected
1509333472193	Marionette	DEBUG	Canceled page load listener because no navigation has been detected
1509333472972	Marionette	DEBUG	Canceled page load listener because no navigation has been detected
1509333473734	Marionette	DEBUG	Canceled page load listener because no navigation has been detected
1509333474520	Marionette	DEBUG	Canceled page load listener because no navigation has been detected
1509333475295	Marionette	DEBUG	Canceled page load listener because no navigation has been detected
1509333476101	Marionette	DEBUG	Canceled page load listener because no navigation has been detected
1509333476928	Marionette	DEBUG	Canceled page load listener because no navigation has been detected
Unable to read VR Path Registry from C:\Users\Administrator\AppData\Local\openvr\openvrpaths.vrpath
[Parent 149404] WARNING: pipe error: 109: file z:/build/build/src/ipc/chromium/src/chrome/common/ipc_channel_win.cc, line 346
[Parent 149404] WARNING: pipe error: 109: file z:/build/build/src/ipc/chromium/src/chrome/common/ipc_channel_win.cc, line 346
[Child 147948] WARNING: pipe error: 109: file z:/build/build/src/ipc/chromium/src/chrome/common/ipc_channel_win.cc, line 346
[Child 147948] WARNING: pipe error: 109: file z:/build/build/src/ipc/chromium/src/chrome/common/ipc_channel_win.cc, line 346

###!!! [Child][MessageChannel::SendAndWait] Error: Channel error: cannot send/recv

